Arguments: 
  /usr/bin/node /usr/share/yarn/bin/yarn.js install

PATH: 
  /home/xiezhiyan/.pyenv/plugins/pyenv-virtualenv/shims:/home/xiezhiyan/.pyenv/shims:/home/xiezhiyan/.pyenv/bin:/home/xiezhiyan/.pyenv/plugins/pyenv-virtualenv/shims:/home/xiezhiyan/.pyenv/shims:/home/xiezhiyan/.pyenv/bin:/usr/lib64/qt-3.3/bin:/usr/local/bin:/usr/local/sbin:/usr/bin:/usr/sbin:/home/xiezhiyan/bin:/usr/local/cbc/bin:/home/xiezhiyan/go/bin:/home/xiezhiyan/.yarn/bin:/home/xiezhiyan/.config/yarn/global/node_modules/.bin:/home/xiezhiyan/.local/bin:/home/xiezhiyan/bin:/home/xiezhiyan/bin:/usr/local/cbc/bin:/home/xiezhiyan/go/bin:/home/xiezhiyan/.yarn/bin:/home/xiezhiyan/.config/yarn/global/node_modules/.bin

Yarn version: 
  1.3.2

Node version: 
  8.9.4

Platform: 
  linux x64

npm manifest: 
  {
    "name": "angular-tour-of-heroes",
    "version": "0.0.0",
    "license": "MIT",
    "scripts": {
      "ng": "ng",
      "start": "ng serve",
      "build": "ng build --prod",
      "test": "ng test",
      "lint": "ng lint",
      "e2e": "ng e2e"
    },
    "private": true,
    "dependencies": {
      "@angular/animations": "^5.2.0",
      "@angular/common": "^5.2.0",
      "@angular/compiler": "^5.2.0",
      "@angular/core": "^5.2.0",
      "@angular/forms": "^5.2.0",
      "@angular/http": "^5.2.0",
      "@angular/platform-browser": "^5.2.0",
      "@angular/platform-browser-dynamic": "^5.2.0",
      "@angular/router": "^5.2.0",
      "core-js": "^2.4.1",
      "rxjs": "^5.5.6",
      "zone.js": "^0.8.19"
    },
    "devDependencies": {
      "@angular/cli": "1.6.7",
      "@angular/compiler-cli": "^5.2.0",
      "@angular/language-service": "^5.2.0",
      "@types/jasmine": "~2.8.3",
      "@types/jasminewd2": "~2.0.2",
      "@types/node": "~6.0.60",
      "codelyzer": "^4.0.1",
      "jasmine-core": "~2.8.0",
      "jasmine-spec-reporter": "~4.2.1",
      "karma": "~2.0.0",
      "karma-chrome-launcher": "~2.2.0",
      "karma-coverage-istanbul-reporter": "^1.2.1",
      "karma-jasmine": "~1.1.0",
      "karma-jasmine-html-reporter": "^0.2.2",
      "protractor": "~5.1.2",
      "ts-node": "~4.1.0",
      "tslint": "~5.9.1",
      "typescript": "~2.5.3"
    }
  }

yarn manifest: 
  No manifest

Lockfile: 
  No lockfile

Trace: 
  Error: ENOENT: no such file or directory, copyfile '/home/xiezhiyan/.cache/yarn/v1/npm-define-property-1.0.0-769ebaaf3f4a63aad3af9e8d304c9bbe79bfb0e6/LICENSE' -> '/home/xiezhiyan/work/angularjs2/angular2-demo/node_modules/braces/node_modules/define-property/LICENSE'
